android/app/build/intermediates/manifest_merge_blame_file/debug/manifest-merger-blame-debug-report.txt
1<?xml version="1.0" encoding="utf-8"?>
2<manifest xmlns:android="http://schemas.android.com/apk/res/android"
3    package="com.example.fcmyoutube"
4    android:versionCode="1"
5    android:versionName="1.0.0" >
6
7    <uses-sdk
8        android:minSdkVersion="21"
9        android:targetSdkVersion="34" />
10    <!--
11         The INTERNET permission is required for development. Specifically,
12         the Flutter tool needs it to communicate with the running application
13         to allow setting breakpoints, to provide hot reload, etc.
14    -->
15    <uses-permission android:name="android.permission.INTERNET" />
15-->src\main\AndroidManifest.xml:2:5-66
15-->src\main\AndroidManifest.xml:2:22-64
16    <uses-permission android:name="android.permission.RECEIVE_BOOT_COMPLETED" />
16-->src\main\AndroidManifest.xml:3:5-80
16-->src\main\AndroidManifest.xml:3:22-78
17    <!--
18 Required to query activities that can process text, see:
19         https://developer.android.com/training/package-visibility and
20         https://developer.android.com/reference/android/content/Intent#ACTION_PROCESS_TEXT.
21
22         In particular, this is used by the Flutter engine in io.flutter.plugin.text.ProcessTextPlugin.
23    -->
24    <queries>
24-->src\main\AndroidManifest.xml:46:5-51:15
25        <intent>
25-->src\main\AndroidManifest.xml:47:9-50:18
26            <action android:name="android.intent.action.PROCESS_TEXT" />
26-->src\main\AndroidManifest.xml:48:13-72
26-->src\main\AndroidManifest.xml:48:21-70
27
28            <data android:mimeType="text/plain" />
28-->src\main\AndroidManifest.xml:49:13-50
28-->src\main\AndroidManifest.xml:49:19-48
29        </intent>
30    </queries>
31
32    <uses-permission android:name="android.permission.ACCESS_NETWORK_STATE" />
32-->[:firebase_analytics] AndroidManifest.xml:9:5-79
32-->[:firebase_analytics] AndroidManifest.xml:9:22-76
33    <uses-permission android:name="android.permission.WAKE_LOCK" /> <!-- Permissions options for the `notification` group -->
33-->[:firebase_analytics] AndroidManifest.xml:11:5-68
33-->[:firebase_analytics] AndroidManifest.xml:11:22-65
34    <uses-permission android:name="android.permission.POST_NOTIFICATIONS" /> <!-- Required by older versions of Google Play services to create IID tokens -->
34-->[:firebase_messaging] AndroidManifest.xml:13:5-77
34-->[:firebase_messaging] AndroidManifest.xml:13:22-74
35    <uses-permission android:name="com.google.android.c2dm.permission.RECEIVE" />
35-->[com.google.firebase:firebase-messaging:24.0.1] AndroidManifest.xml:26:5-82
35-->[com.google.firebase:firebase-messaging:24.0.1] AndroidManifest.xml:26:22-79
36    <uses-permission android:name="com.google.android.gms.permission.AD_ID" />
36-->[com.google.android.gms:play-services-measurement-api:22.1.0] AndroidManifest.xml:25:5-79
36-->[com.google.android.gms:play-services-measurement-api:22.1.0] AndroidManifest.xml:25:22-76
37    <uses-permission android:name="android.permission.ACCESS_ADSERVICES_ATTRIBUTION" />
37-->[com.google.android.gms:play-services-measurement-api:22.1.0] AndroidManifest.xml:26:5-88
37-->[com.google.android.gms:play-services-measurement-api:22.1.0] AndroidManifest.xml:26:22-85
38    <uses-permission android:name="android.permission.ACCESS_ADSERVICES_AD_ID" />
38-->[com.google.android.gms:play-services-measurement-api:22.1.0] AndroidManifest.xml:27:5-82
38-->[com.google.android.gms:play-services-measurement-api:22.1.0] AndroidManifest.xml:27:22-79
39    <uses-permission android:name="com.google.android.finsky.permission.BIND_GET_INSTALL_REFERRER_SERVICE" />
39-->[com.google.android.gms:play-services-measurement:22.1.0] AndroidManifest.xml:26:5-110
39-->[com.google.android.gms:play-services-measurement:22.1.0] AndroidManifest.xml:26:22-107
40
41    <permission
41-->[androidx.core:core:1.13.1] AndroidManifest.xml:22:5-24:47
42        android:name="com.example.fcmyoutube.DYNAMIC_RECEIVER_NOT_EXPORTED_PERMISSION"
42-->[androidx.core:core:1.13.1] AndroidManifest.xml:23:9-81
43        android:protectionLevel="signature" />
43-->[androidx.core:core:1.13.1] AndroidManifest.xml:24:9-44
44
45    <uses-permission android:name="com.example.fcmyoutube.DYNAMIC_RECEIVER_NOT_EXPORTED_PERMISSION" />
45-->[androidx.core:core:1.13.1] AndroidManifest.xml:26:5-97
45-->[androidx.core:core:1.13.1] AndroidManifest.xml:26:22-94
46
47    <application
48        android:name="android.app.Application"
49        android:appComponentFactory="androidx.core.app.CoreComponentFactory"
49-->[androidx.core:core:1.13.1] AndroidManifest.xml:28:18-86
50        android:debuggable="true"
51        android:icon="@mipmap/ic_launcher"
52        android:label="fcmyoutube" >
53        <activity
54            android:name="com.example.fcmyoutube.MainActivity"
55            android:configChanges="orientation|keyboardHidden|keyboard|screenSize|smallestScreenSize|locale|layoutDirection|fontScale|screenLayout|density|uiMode"
56            android:exported="true"
57            android:hardwareAccelerated="true"
58            android:launchMode="singleTop"
59            android:taskAffinity=""
60            android:theme="@style/LaunchTheme"
61            android:windowSoftInputMode="adjustResize" >
62            <meta-data
63                android:name="io.flutter.embedding.android.NormalTheme"
64                android:resource="@style/NormalTheme" />
65            <meta-data
66                android:name="com.google.firebase.messaging.default_notification_channel_id"
67                android:value="default_channel_id" />
68
69            <intent-filter>
70                <action android:name="android.intent.action.MAIN" />
71
72                <category android:name="android.intent.category.LAUNCHER" />
73            </intent-filter>
74        </activity>
75
76        <!--
77             Don't delete the meta-data below.
78             This is used by the Flutter tool to generate GeneratedPluginRegistrant.java
79        -->
80        <meta-data
81            android:name="flutterEmbedding"
82            android:value="2" />
83
84        <service
84-->[:firebase_analytics] AndroidManifest.xml:14:9-18:19
85            android:name="com.google.firebase.components.ComponentDiscoveryService"
85-->[:firebase_analytics] AndroidManifest.xml:14:18-89
86            android:directBootAware="true"
86-->[com.google.firebase:firebase-common:21.0.0] AndroidManifest.xml:32:13-43
87            android:exported="false" >
87-->[com.google.firebase:firebase-messaging:24.0.1] AndroidManifest.xml:56:13-37
88            <meta-data
88-->[:firebase_analytics] AndroidManifest.xml:15:13-17:85
89                android:name="com.google.firebase.components:io.flutter.plugins.firebase.analytics.FlutterFirebaseAppRegistrar"
89-->[:firebase_analytics] AndroidManifest.xml:16:17-128
90                android:value="com.google.firebase.components.ComponentRegistrar" />
90-->[:firebase_analytics] AndroidManifest.xml:17:17-82
91            <meta-data
91-->[:firebase_messaging] AndroidManifest.xml:38:13-40:85
92                android:name="com.google.firebase.components:io.flutter.plugins.firebase.messaging.FlutterFirebaseAppRegistrar"
92-->[:firebase_messaging] AndroidManifest.xml:39:17-128
93                android:value="com.google.firebase.components.ComponentRegistrar" />
93-->[:firebase_messaging] AndroidManifest.xml:40:17-82
94            <meta-data
94-->[:firebase_core] AndroidManifest.xml:11:13-13:85
95                android:name="com.google.firebase.components:io.flutter.plugins.firebase.core.FlutterFirebaseCoreRegistrar"
95-->[:firebase_core] AndroidManifest.xml:12:17-124
96                android:value="com.google.firebase.components.ComponentRegistrar" />
96-->[:firebase_core] AndroidManifest.xml:13:17-82
97            <meta-data
97-->[com.google.firebase:firebase-messaging:24.0.1] AndroidManifest.xml:57:13-59:85
98                android:name="com.google.firebase.components:com.google.firebase.messaging.FirebaseMessagingKtxRegistrar"
98-->[com.google.firebase:firebase-messaging:24.0.1] AndroidManifest.xml:58:17-122
99                android:value="com.google.firebase.components.ComponentRegistrar" />
99-->[com.google.firebase:firebase-messaging:24.0.1] AndroidManifest.xml:59:17-82
100            <meta-data
100-->[com.google.firebase:firebase-messaging:24.0.1] AndroidManifest.xml:60:13-62:85
101                android:name="com.google.firebase.components:com.google.firebase.messaging.FirebaseMessagingRegistrar"
101-->[com.google.firebase:firebase-messaging:24.0.1] AndroidManifest.xml:61:17-119
102                android:value="com.google.firebase.components.ComponentRegistrar" />
102-->[com.google.firebase:firebase-messaging:24.0.1] AndroidManifest.xml:62:17-82
103            <meta-data
103-->[com.google.android.gms:play-services-measurement-api:22.1.0] AndroidManifest.xml:37:13-39:85
104                android:name="com.google.firebase.components:com.google.firebase.analytics.connector.internal.AnalyticsConnectorRegistrar"
104-->[com.google.android.gms:play-services-measurement-api:22.1.0] AndroidManifest.xml:38:17-139
105                android:value="com.google.firebase.components.ComponentRegistrar" />
105-->[com.google.android.gms:play-services-measurement-api:22.1.0] AndroidManifest.xml:39:17-82
106            <meta-data
106-->[com.google.firebase:firebase-installations:18.0.0] AndroidManifest.xml:15:13-17:85
107                android:name="com.google.firebase.components:com.google.firebase.installations.FirebaseInstallationsKtxRegistrar"
107-->[com.google.firebase:firebase-installations:18.0.0] AndroidManifest.xml:16:17-130
108                android:value="com.google.firebase.components.ComponentRegistrar" />
108-->[com.google.firebase:firebase-installations:18.0.0] AndroidManifest.xml:17:17-82
109            <meta-data
109-->[com.google.firebase:firebase-installations:18.0.0] AndroidManifest.xml:18:13-20:85
110                android:name="com.google.firebase.components:com.google.firebase.installations.FirebaseInstallationsRegistrar"
110-->[com.google.firebase:firebase-installations:18.0.0] AndroidManifest.xml:19:17-127
111                android:value="com.google.firebase.components.ComponentRegistrar" />
111-->[com.google.firebase:firebase-installations:18.0.0] AndroidManifest.xml:20:17-82
112            <meta-data
112-->[com.google.firebase:firebase-common-ktx:21.0.0] AndroidManifest.xml:12:13-14:85
113                android:name="com.google.firebase.components:com.google.firebase.ktx.FirebaseCommonLegacyRegistrar"
113-->[com.google.firebase:firebase-common-ktx:21.0.0] AndroidManifest.xml:13:17-116
114                android:value="com.google.firebase.components.ComponentRegistrar" />
114-->[com.google.firebase:firebase-common-ktx:21.0.0] AndroidManifest.xml:14:17-82
115            <meta-data
115-->[com.google.firebase:firebase-common:21.0.0] AndroidManifest.xml:35:13-37:85
116                android:name="com.google.firebase.components:com.google.firebase.FirebaseCommonKtxRegistrar"
116-->[com.google.firebase:firebase-common:21.0.0] AndroidManifest.xml:36:17-109
117                android:value="com.google.firebase.components.ComponentRegistrar" />
117-->[com.google.firebase:firebase-common:21.0.0] AndroidManifest.xml:37:17-82
118            <meta-data
118-->[com.google.firebase:firebase-datatransport:18.2.0] AndroidManifest.xml:25:13-27:85
119                android:name="com.google.firebase.components:com.google.firebase.datatransport.TransportRegistrar"
119-->[com.google.firebase:firebase-datatransport:18.2.0] AndroidManifest.xml:26:17-115
120                android:value="com.google.firebase.components.ComponentRegistrar" />
120-->[com.google.firebase:firebase-datatransport:18.2.0] AndroidManifest.xml:27:17-82
121        </service>
122        <service
122-->[:firebase_messaging] AndroidManifest.xml:16:9-19:72
123            android:name="io.flutter.plugins.firebase.messaging.FlutterFirebaseMessagingBackgroundService"
123-->[:firebase_messaging] AndroidManifest.xml:17:13-107
124            android:exported="false"
124-->[:firebase_messaging] AndroidManifest.xml:18:13-37
125            android:permission="android.permission.BIND_JOB_SERVICE" />
125-->[:firebase_messaging] AndroidManifest.xml:19:13-69
126        <service
126-->[:firebase_messaging] AndroidManifest.xml:20:9-26:19
127            android:name="io.flutter.plugins.firebase.messaging.FlutterFirebaseMessagingService"
127-->[:firebase_messaging] AndroidManifest.xml:21:13-97
128            android:exported="false" >
128-->[:firebase_messaging] AndroidManifest.xml:22:13-37
129            <intent-filter>
129-->[:firebase_messaging] AndroidManifest.xml:23:13-25:29
130                <action android:name="com.google.firebase.MESSAGING_EVENT" />
130-->[:firebase_messaging] AndroidManifest.xml:24:17-78
130-->[:firebase_messaging] AndroidManifest.xml:24:25-75
131            </intent-filter>
132        </service>
133
134        <receiver
134-->[:firebase_messaging] AndroidManifest.xml:28:9-35:20
135            android:name="io.flutter.plugins.firebase.messaging.FlutterFirebaseMessagingReceiver"
135-->[:firebase_messaging] AndroidManifest.xml:29:13-98
136            android:exported="true"
136-->[:firebase_messaging] AndroidManifest.xml:30:13-36
137            android:permission="com.google.android.c2dm.permission.SEND" >
137-->[:firebase_messaging] AndroidManifest.xml:31:13-73
138            <intent-filter>
138-->[:firebase_messaging] AndroidManifest.xml:32:13-34:29
139                <action android:name="com.google.android.c2dm.intent.RECEIVE" />
139-->[:firebase_messaging] AndroidManifest.xml:33:17-81
139-->[:firebase_messaging] AndroidManifest.xml:33:25-78
140            </intent-filter>
141        </receiver>
142
143        <provider
143-->[:firebase_messaging] AndroidManifest.xml:43:9-47:38
144            android:name="io.flutter.plugins.firebase.messaging.FlutterFirebaseMessagingInitProvider"
144-->[:firebase_messaging] AndroidManifest.xml:44:13-102
145            android:authorities="com.example.fcmyoutube.flutterfirebasemessaginginitprovider"
145-->[:firebase_messaging] AndroidManifest.xml:45:13-88
146            android:exported="false"
146-->[:firebase_messaging] AndroidManifest.xml:46:13-37
147            android:initOrder="99" />
147-->[:firebase_messaging] AndroidManifest.xml:47:13-35
148
149        <activity
149-->[:url_launcher_android] AndroidManifest.xml:10:9-13:74
150            android:name="io.flutter.plugins.urllauncher.WebViewActivity"
150-->[:url_launcher_android] AndroidManifest.xml:11:13-74
151            android:exported="false"
151-->[:url_launcher_android] AndroidManifest.xml:12:13-37
152            android:theme="@android:style/Theme.NoTitleBar.Fullscreen" />
152-->[:url_launcher_android] AndroidManifest.xml:13:13-71
153
154        <receiver
154-->[com.google.firebase:firebase-messaging:24.0.1] AndroidManifest.xml:29:9-40:20
155            android:name="com.google.firebase.iid.FirebaseInstanceIdReceiver"
155-->[com.google.firebase:firebase-messaging:24.0.1] AndroidManifest.xml:30:13-78
156            android:exported="true"
156-->[com.google.firebase:firebase-messaging:24.0.1] AndroidManifest.xml:31:13-36
157            android:permission="com.google.android.c2dm.permission.SEND" >
157-->[com.google.firebase:firebase-messaging:24.0.1] AndroidManifest.xml:32:13-73
158            <intent-filter>
158-->[:firebase_messaging] AndroidManifest.xml:32:13-34:29
159                <action android:name="com.google.android.c2dm.intent.RECEIVE" />
159-->[:firebase_messaging] AndroidManifest.xml:33:17-81
159-->[:firebase_messaging] AndroidManifest.xml:33:25-78
160            </intent-filter>
161
162            <meta-data
162-->[com.google.firebase:firebase-messaging:24.0.1] AndroidManifest.xml:37:13-39:40
163                android:name="com.google.android.gms.cloudmessaging.FINISHED_AFTER_HANDLED"
163-->[com.google.firebase:firebase-messaging:24.0.1] AndroidManifest.xml:38:17-92
164                android:value="true" />
164-->[com.google.firebase:firebase-messaging:24.0.1] AndroidManifest.xml:39:17-37
165        </receiver>
166        <!--
167             FirebaseMessagingService performs security checks at runtime,
168             but set to not exported to explicitly avoid allowing another app to call it.
169        -->
170        <service
170-->[com.google.firebase:firebase-messaging:24.0.1] AndroidManifest.xml:46:9-53:19
171            android:name="com.google.firebase.messaging.FirebaseMessagingService"
171-->[com.google.firebase:firebase-messaging:24.0.1] AndroidManifest.xml:47:13-82
172            android:directBootAware="true"
172-->[com.google.firebase:firebase-messaging:24.0.1] AndroidManifest.xml:48:13-43
173            android:exported="false" >
173-->[com.google.firebase:firebase-messaging:24.0.1] AndroidManifest.xml:49:13-37
174            <intent-filter android:priority="-500" >
174-->[:firebase_messaging] AndroidManifest.xml:23:13-25:29
175                <action android:name="com.google.firebase.MESSAGING_EVENT" />
175-->[:firebase_messaging] AndroidManifest.xml:24:17-78
175-->[:firebase_messaging] AndroidManifest.xml:24:25-75
176            </intent-filter>
177        </service>
178
179        <property
179-->[com.google.android.gms:play-services-measurement-api:22.1.0] AndroidManifest.xml:30:9-32:61
180            android:name="android.adservices.AD_SERVICES_CONFIG"
180-->[com.google.android.gms:play-services-measurement-api:22.1.0] AndroidManifest.xml:31:13-65
181            android:resource="@xml/ga_ad_services_config" />
181-->[com.google.android.gms:play-services-measurement-api:22.1.0] AndroidManifest.xml:32:13-58
182
183        <uses-library
183-->[androidx.window:window:1.2.0] AndroidManifest.xml:23:9-25:40
184            android:name="androidx.window.extensions"
184-->[androidx.window:window:1.2.0] AndroidManifest.xml:24:13-54
185            android:required="false" />
185-->[androidx.window:window:1.2.0] AndroidManifest.xml:25:13-37
186        <uses-library
186-->[androidx.window:window:1.2.0] AndroidManifest.xml:26:9-28:40
187            android:name="androidx.window.sidecar"
187-->[androidx.window:window:1.2.0] AndroidManifest.xml:27:13-51
188            android:required="false" />
188-->[androidx.window:window:1.2.0] AndroidManifest.xml:28:13-37
189
190        <activity
190-->[com.google.android.gms:play-services-base:18.0.1] AndroidManifest.xml:20:9-22:45
191            android:name="com.google.android.gms.common.api.GoogleApiActivity"
191-->[com.google.android.gms:play-services-base:18.0.1] AndroidManifest.xml:20:19-85
192            android:exported="false"
192-->[com.google.android.gms:play-services-base:18.0.1] AndroidManifest.xml:22:19-43
193            android:theme="@android:style/Theme.Translucent.NoTitleBar" />
193-->[com.google.android.gms:play-services-base:18.0.1] AndroidManifest.xml:21:19-78
194
195        <provider
195-->[com.google.firebase:firebase-common:21.0.0] AndroidManifest.xml:23:9-28:39
196            android:name="com.google.firebase.provider.FirebaseInitProvider"
196-->[com.google.firebase:firebase-common:21.0.0] AndroidManifest.xml:24:13-77
197            android:authorities="com.example.fcmyoutube.firebaseinitprovider"
197-->[com.google.firebase:firebase-common:21.0.0] AndroidManifest.xml:25:13-72
198            android:directBootAware="true"
198-->[com.google.firebase:firebase-common:21.0.0] AndroidManifest.xml:26:13-43
199            android:exported="false"
199-->[com.google.firebase:firebase-common:21.0.0] AndroidManifest.xml:27:13-37
200            android:initOrder="100" />
200-->[com.google.firebase:firebase-common:21.0.0] AndroidManifest.xml:28:13-36
201
202        <receiver
202-->[com.google.android.gms:play-services-measurement:22.1.0] AndroidManifest.xml:29:9-33:20
203            android:name="com.google.android.gms.measurement.AppMeasurementReceiver"
203-->[com.google.android.gms:play-services-measurement:22.1.0] AndroidManifest.xml:30:13-85
204            android:enabled="true"
204-->[com.google.android.gms:play-services-measurement:22.1.0] AndroidManifest.xml:31:13-35
205            android:exported="false" >
205-->[com.google.android.gms:play-services-measurement:22.1.0] AndroidManifest.xml:32:13-37
206        </receiver>
207
208        <service
208-->[com.google.android.gms:play-services-measurement:22.1.0] AndroidManifest.xml:35:9-38:40
209            android:name="com.google.android.gms.measurement.AppMeasurementService"
209-->[com.google.android.gms:play-services-measurement:22.1.0] AndroidManifest.xml:36:13-84
210            android:enabled="true"
210-->[com.google.android.gms:play-services-measurement:22.1.0] AndroidManifest.xml:37:13-35
211            android:exported="false" />
211-->[com.google.android.gms:play-services-measurement:22.1.0] AndroidManifest.xml:38:13-37
212        <service
212-->[com.google.android.gms:play-services-measurement:22.1.0] AndroidManifest.xml:39:9-43:72
213            android:name="com.google.android.gms.measurement.AppMeasurementJobService"
213-->[com.google.android.gms:play-services-measurement:22.1.0] AndroidManifest.xml:40:13-87
214            android:enabled="true"
214-->[com.google.android.gms:play-services-measurement:22.1.0] AndroidManifest.xml:41:13-35
215            android:exported="false"
215-->[com.google.android.gms:play-services-measurement:22.1.0] AndroidManifest.xml:42:13-37
216            android:permission="android.permission.BIND_JOB_SERVICE" />
216-->[com.google.android.gms:play-services-measurement:22.1.0] AndroidManifest.xml:43:13-69
217
218        <uses-library
218-->[androidx.privacysandbox.ads:ads-adservices:1.0.0-beta05] AndroidManifest.xml:23:9-25:40
219            android:name="android.ext.adservices"
219-->[androidx.privacysandbox.ads:ads-adservices:1.0.0-beta05] AndroidManifest.xml:24:13-50
220            android:required="false" />
220-->[androidx.privacysandbox.ads:ads-adservices:1.0.0-beta05] AndroidManifest.xml:25:13-37
221
222        <meta-data
222-->[com.google.android.gms:play-services-basement:18.4.0] AndroidManifest.xml:6:9-122
223            android:name="com.google.android.gms.version"
223-->[com.google.android.gms:play-services-basement:18.4.0] AndroidManifest.xml:6:20-65
224            android:value="@integer/google_play_services_version" />
224-->[com.google.android.gms:play-services-basement:18.4.0] AndroidManifest.xml:6:66-119
225
226        <provider
226-->[androidx.lifecycle:lifecycle-process:2.7.0] AndroidManifest.xml:24:9-32:20
227            android:name="androidx.startup.InitializationProvider"
227-->[androidx.lifecycle:lifecycle-process:2.7.0] AndroidManifest.xml:25:13-67
228            android:authorities="com.example.fcmyoutube.androidx-startup"
228-->[androidx.lifecycle:lifecycle-process:2.7.0] AndroidManifest.xml:26:13-68
229            android:exported="false" >
229-->[androidx.lifecycle:lifecycle-process:2.7.0] AndroidManifest.xml:27:13-37
230            <meta-data
230-->[androidx.lifecycle:lifecycle-process:2.7.0] AndroidManifest.xml:29:13-31:52
231                android:name="androidx.lifecycle.ProcessLifecycleInitializer"
231-->[androidx.lifecycle:lifecycle-process:2.7.0] AndroidManifest.xml:30:17-78
232                android:value="androidx.startup" />
232-->[androidx.lifecycle:lifecycle-process:2.7.0] AndroidManifest.xml:31:17-49
233            <meta-data
233-->[androidx.profileinstaller:profileinstaller:1.3.1] AndroidManifest.xml:29:13-31:52
234                android:name="androidx.profileinstaller.ProfileInstallerInitializer"
234-->[androidx.profileinstaller:profileinstaller:1.3.1] AndroidManifest.xml:30:17-85
235                android:value="androidx.startup" />
235-->[androidx.profileinstaller:profileinstaller:1.3.1] AndroidManifest.xml:31:17-49
236        </provider>
237
238        <receiver
238-->[androidx.profileinstaller:profileinstaller:1.3.1] AndroidManifest.xml:34:9-52:20
239            android:name="androidx.profileinstaller.ProfileInstallReceiver"
239-->[androidx.profileinstaller:profileinstaller:1.3.1] AndroidManifest.xml:35:13-76
240            android:directBootAware="false"
240-->[androidx.profileinstaller:profileinstaller:1.3.1] AndroidManifest.xml:36:13-44
241            android:enabled="true"
241-->[androidx.profileinstaller:profileinstaller:1.3.1] AndroidManifest.xml:37:13-35
242            android:exported="true"
242-->[androidx.profileinstaller:profileinstaller:1.3.1] AndroidManifest.xml:38:13-36
243            android:permission="android.permission.DUMP" >
243-->[androidx.profileinstaller:profileinstaller:1.3.1] AndroidManifest.xml:39:13-57
244            <intent-filter>
244-->[androidx.profileinstaller:profileinstaller:1.3.1] AndroidManifest.xml:40:13-42:29
245                <action android:name="androidx.profileinstaller.action.INSTALL_PROFILE" />
245-->[androidx.profileinstaller:profileinstaller:1.3.1] AndroidManifest.xml:41:17-91
245-->[androidx.profileinstaller:profileinstaller:1.3.1] AndroidManifest.xml:41:25-88
246            </intent-filter>
247            <intent-filter>
247-->[androidx.profileinstaller:profileinstaller:1.3.1] AndroidManifest.xml:43:13-45:29
248                <action android:name="androidx.profileinstaller.action.SKIP_FILE" />
248-->[androidx.profileinstaller:profileinstaller:1.3.1] AndroidManifest.xml:44:17-85
248-->[androidx.profileinstaller:profileinstaller:1.3.1] AndroidManifest.xml:44:25-82
249            </intent-filter>
250            <intent-filter>
250-->[androidx.profileinstaller:profileinstaller:1.3.1] AndroidManifest.xml:46:13-48:29
251                <action android:name="androidx.profileinstaller.action.SAVE_PROFILE" />
251-->[androidx.profileinstaller:profileinstaller:1.3.1] AndroidManifest.xml:47:17-88
251-->[androidx.profileinstaller:profileinstaller:1.3.1] AndroidManifest.xml:47:25-85
252            </intent-filter>
253            <intent-filter>
253-->[androidx.profileinstaller:profileinstaller:1.3.1] AndroidManifest.xml:49:13-51:29
254                <action android:name="androidx.profileinstaller.action.BENCHMARK_OPERATION" />
254-->[androidx.profileinstaller:profileinstaller:1.3.1] AndroidManifest.xml:50:17-95
254-->[androidx.profileinstaller:profileinstaller:1.3.1] AndroidManifest.xml:50:25-92
255            </intent-filter>
256        </receiver>
257
258        <service
258-->[com.google.android.datatransport:transport-backend-cct:3.1.9] AndroidManifest.xml:28:9-34:19
259            android:name="com.google.android.datatransport.runtime.backends.TransportBackendDiscovery"
259-->[com.google.android.datatransport:transport-backend-cct:3.1.9] AndroidManifest.xml:29:13-103
260            android:exported="false" >
260-->[com.google.android.datatransport:transport-backend-cct:3.1.9] AndroidManifest.xml:30:13-37
261            <meta-data
261-->[com.google.android.datatransport:transport-backend-cct:3.1.9] AndroidManifest.xml:31:13-33:39
262                android:name="backend:com.google.android.datatransport.cct.CctBackendFactory"
262-->[com.google.android.datatransport:transport-backend-cct:3.1.9] AndroidManifest.xml:32:17-94
263                android:value="cct" />
263-->[com.google.android.datatransport:transport-backend-cct:3.1.9] AndroidManifest.xml:33:17-36
264        </service>
265        <service
265-->[com.google.android.datatransport:transport-runtime:3.1.9] AndroidManifest.xml:26:9-30:19
266            android:name="com.google.android.datatransport.runtime.scheduling.jobscheduling.JobInfoSchedulerService"
266-->[com.google.android.datatransport:transport-runtime:3.1.9] AndroidManifest.xml:27:13-117
267            android:exported="false"
267-->[com.google.android.datatransport:transport-runtime:3.1.9] AndroidManifest.xml:28:13-37
268            android:permission="android.permission.BIND_JOB_SERVICE" >
268-->[com.google.android.datatransport:transport-runtime:3.1.9] AndroidManifest.xml:29:13-69
269        </service>
270
271        <receiver
271-->[com.google.android.datatransport:transport-runtime:3.1.9] AndroidManifest.xml:32:9-34:40
272            android:name="com.google.android.datatransport.runtime.scheduling.jobscheduling.AlarmManagerSchedulerBroadcastReceiver"
272-->[com.google.android.datatransport:transport-runtime:3.1.9] AndroidManifest.xml:33:13-132
273            android:exported="false" />
273-->[com.google.android.datatransport:transport-runtime:3.1.9] AndroidManifest.xml:34:13-37
274    </application>
275
276</manifest>